TN:
SF:src/parser/reqlineParser.js
FN:2,(anonymous_0)
FN:10,(anonymous_1)
FN:15,(anonymous_2)
FN:113,(anonymous_3)
FN:145,(anonymous_4)
FN:193,(anonymous_5)
FN:218,(anonymous_6)
FN:232,(anonymous_7)
FN:247,(anonymous_8)
FNF:9
FNH:9
FNDA:16,(anonymous_0)
FNDA:1,(anonymous_1)
FNDA:24,(anonymous_2)
FNDA:23,(anonymous_3)
FNDA:52,(anonymous_4)
FNDA:73,(anonymous_5)
FNDA:19,(anonymous_6)
FNDA:16,(anonymous_7)
FNDA:15,(anonymous_8)
DA:3,16
DA:4,16
DA:5,16
DA:11,1
DA:12,1
DA:16,24
DA:17,1
DA:20,23
DA:21,0
DA:24,23
DA:25,23
DA:26,0
DA:30,23
DA:33,21
DA:34,0
DA:40,21
DA:41,21
DA:42,21
DA:43,21
DA:45,2
DA:46,1
DA:48,1
DA:53,19
DA:62,19
DA:63,52
DA:64,52
DA:66,52
DA:67,52
DA:69,44
DA:70,17
DA:71,1
DA:73,16
DA:74,0
DA:76,16
DA:77,27
DA:78,15
DA:79,1
DA:81,14
DA:82,1
DA:84,13
DA:85,12
DA:86,4
DA:87,8
DA:88,4
DA:89,4
DA:90,4
DA:94,11
DA:95,11
DA:98,0
DA:103,8
DA:104,0
DA:106,8
DA:107,0
DA:110,8
DA:114,23
DA:115,23
DA:116,23
DA:118,23
DA:119,1384
DA:121,40
DA:122,1
DA:124,39
DA:125,1
DA:128,38
DA:129,38
DA:130,38
DA:132,1344
DA:133,1344
DA:138,21
DA:139,21
DA:142,21
DA:146,52
DA:148,52
DA:150,1
DA:151,0
DA:153,1
DA:154,1
DA:156,0
DA:159,51
DA:160,51
DA:163,51
DA:164,1
DA:168,50
DA:169,0
DA:177,50
DA:179,19
DA:181,16
DA:183,5
DA:185,5
DA:187,5
DA:189,0
DA:194,73
DA:195,73
DA:196,73
DA:198,73
DA:199,1300
DA:200,94
DA:201,94
DA:202,94
DA:204,94
DA:206,1206
DA:207,1206
DA:211,73
DA:212,73
DA:215,73
DA:219,19
DA:220,1
DA:223,18
DA:224,1
DA:229,17
DA:233,16
DA:234,0
DA:238,16
DA:239,16
DA:241,1
DA:244,15
DA:248,15
DA:249,0
DA:252,15
DA:253,15
DA:255,12
DA:256,0
DA:259,12
DA:261,3
DA:262,3
DA:264,0
DA:269,1
LF:127
LH:112
BRDA:16,0,0,1
BRDA:16,0,1,23
BRDA:20,1,0,0
BRDA:20,1,1,23
BRDA:20,2,0,23
BRDA:20,2,1,23
BRDA:25,3,0,0
BRDA:25,3,1,23
BRDA:33,4,0,0
BRDA:33,4,1,21
BRDA:40,5,0,21
BRDA:40,5,1,0
BRDA:43,6,0,2
BRDA:43,6,1,19
BRDA:43,7,0,21
BRDA:43,7,1,21
BRDA:45,8,0,1
BRDA:45,8,1,1
BRDA:45,9,0,2
BRDA:45,9,1,1
BRDA:64,10,0,0
BRDA:64,10,1,52
BRDA:69,11,0,17
BRDA:69,11,1,27
BRDA:70,12,0,1
BRDA:70,12,1,16
BRDA:73,13,0,0
BRDA:73,13,1,16
BRDA:77,14,0,15
BRDA:77,14,1,12
BRDA:78,15,0,1
BRDA:78,15,1,14
BRDA:81,16,0,1
BRDA:81,16,1,13
BRDA:85,17,0,4
BRDA:85,17,1,8
BRDA:87,18,0,4
BRDA:87,18,1,4
BRDA:89,19,0,4
BRDA:89,19,1,0
BRDA:94,20,0,11
BRDA:94,20,1,0
BRDA:103,21,0,0
BRDA:103,21,1,8
BRDA:106,22,0,0
BRDA:106,22,1,8
BRDA:119,23,0,40
BRDA:119,23,1,1344
BRDA:121,24,0,1
BRDA:121,24,1,39
BRDA:121,25,0,40
BRDA:121,25,1,40
BRDA:124,26,0,1
BRDA:124,26,1,38
BRDA:124,27,0,39
BRDA:124,27,1,39
BRDA:138,28,0,21
BRDA:138,28,1,0
BRDA:148,29,0,1
BRDA:148,29,1,51
BRDA:150,30,0,0
BRDA:150,30,1,1
BRDA:150,31,0,1
BRDA:150,31,1,0
BRDA:153,32,0,1
BRDA:153,32,1,0
BRDA:153,33,0,1
BRDA:153,33,1,1
BRDA:163,34,0,1
BRDA:163,34,1,50
BRDA:168,35,0,0
BRDA:168,35,1,50
BRDA:177,36,0,19
BRDA:177,36,1,16
BRDA:177,36,2,5
BRDA:177,36,3,5
BRDA:177,36,4,5
BRDA:177,36,5,0
BRDA:199,37,0,94
BRDA:199,37,1,1206
BRDA:200,38,0,94
BRDA:200,38,1,0
BRDA:211,39,0,73
BRDA:211,39,1,0
BRDA:219,40,0,1
BRDA:219,40,1,18
BRDA:223,41,0,1
BRDA:223,41,1,17
BRDA:233,42,0,0
BRDA:233,42,1,16
BRDA:233,43,0,16
BRDA:233,43,1,16
BRDA:248,44,0,0
BRDA:248,44,1,15
BRDA:248,45,0,15
BRDA:248,45,1,15
BRDA:255,46,0,0
BRDA:255,46,1,12
BRDA:255,47,0,12
BRDA:255,47,1,12
BRDA:261,48,0,3
BRDA:261,48,1,0
BRF:102
BRH:80
end_of_record
